#
# A fatal error has been detected by the Java Runtime Environment:
#
#  EXCEPTION_ACCESS_VIOLATION (0xc0000005) at pc=0x000001bd36048500, pid=3764, tid=7764
#
# JRE version: OpenJDK Runtime Environment Temurin-17.0.6+10 (17.0.6+10) (build 17.0.6+10)
# Java VM: OpenJDK 64-Bit Server VM Temurin-17.0.6+10 (17.0.6+10, mixed mode, tiered, compressed oops, compressed class ptrs, parallel gc, windows-amd64)
# Problematic frame:
# C  0x000001bd36048500
#
# No core dump will be written. Minidumps are not enabled by default on client versions of Windows
#
# If you would like to submit a bug report, please visit:
#   https://github.com/adoptium/adoptium-support/issues
#

---------------  S U M M A R Y ------------

Command Line: --add-modules=ALL-SYSTEM --add-opens=java.base/java.util=ALL-UNNAMED --add-opens=java.base/java.lang=ALL-UNNAMED --add-opens=java.base/sun.nio.fs=ALL-UNNAMED -Declipse.application=org.eclipse.jdt.ls.core.id1 -Dosgi.bundles.defaultStartLevel=4 -Declipse.product=org.eclipse.jdt.ls.core.product -Djava.import.generatesMetadataFilesAtProjectRoot=false -Dfile.encoding=utf8 -XX:+UseParallelGC -XX:GCTimeRatio=4 -XX:AdaptiveSizePolicyWeight=90 -Dsun.zip.disableMemoryMapping=true -Xmx1G -Xms100m -Xlog:disable -javaagent:c:\Users\familiazurlo\.vscode\extensions\redhat.java-1.15.0-win32-x64\lombok\lombok-1.18.24.jar c:\Users\familiazurlo\.vscode\extensions\redhat.java-1.15.0-win32-x64\server\plugins\org.eclipse.equinox.launcher_1.6.400.v20210924-0641.jar -configuration c:\Users\familiazurlo\AppData\Roaming\Code\User\globalStorage\redhat.java\1.15.0\config_ss_win -data c:\Users\familiazurlo\AppData\Roaming\Code\User\workspaceStorage\56fc166c687f0e62a526f2e02f90faf3\redhat.java\ss_ws

Host: Intel(R) Pentium(R) Dual  CPU  E2200  @ 2.20GHz, 2 cores, 3G,  Windows 10 , 64 bit Build 19041 (10.0.19041.2546)
Time: Tue Feb 28 22:20:20 2023 Hora oficial do Brasil elapsed time: 116.693270 seconds (0d 0h 1m 56s)

---------------  T H R E A D  ---------------

Current thread (0x000001bdb8926c60):  JavaThread "Framework stop - Equinox Container: 35ba359e-2fb4-487e-9e77-9838f45e05e0" [_thread_in_Java, id=7764, stack(0x000000ab5af00000,0x000000ab5b000000)]

Stack: [0x000000ab5af00000,0x000000ab5b000000],  sp=0x000000ab5affeaa8,  free space=1018k
Native frames: (J=compiled Java code, j=interpreted, Vv=VM code, C=native code)
C  0x000001bd36048500


siginfo: EXCEPTION_ACCESS_VIOLATION (0xc0000005), data execution prevention violation at address 0x000001bd36048500


Register to memory mapping:

RIP=0x000001bd36048500 is an unknown value
RAX={method} {0x000001bdb77be830} 'next' '()Ljava/lang/Object;' in 'java/util/LinkedHashMap$LinkedEntryIterator'
RBX={method} {0x000001bdb77be830} 'next' '()Ljava/lang/Object;' in 'java/util/LinkedHashMap$LinkedEntryIterator'
RCX={method} {0x000001bdb70fbb70} 'next' '()Ljava/lang/Object;' in 'java/util/Iterator'
RDX=0x00000000eba581c8 is an oop: java.util.LinkedHashMap$LinkedEntryIterator 
{0x00000000eba581c8} - klass: 'java/util/LinkedHashMap$LinkedEntryIterator'
 - ---- fields (total size 4 words):
 - 'expectedModCount' 'I' @12  5
 - 'next' 'Ljava/util/LinkedHashMap$Entry;' @16  a 'java/util/LinkedHashMap$Entry'{0x00000000eba57fa0} (eba57fa0)
 - 'current' 'Ljava/util/LinkedHashMap$Entry;' @20  NULL (0)
 - final synthetic 'this$0' 'Ljava/util/LinkedHashMap;' @24  a 'java/util/LinkedHashMap'{0x00000000eba57ed8} (eba57ed8)
 - final synthetic 'this$0' 'Ljava/util/LinkedHashMap;' @28  a 'java/util/LinkedHashMap'{0x00000000eba57ed8} (eba57ed8)
RSP=0x000000ab5affeaa8 is pointing into the stack for thread: 0x000001bdb8926c60
RBP=0x000000ab5affeb58 is pointing into the stack for thread: 0x000001bdb8926c60
RSI=0x00000000eba581c8 is an oop: java.util.LinkedHashMap$LinkedEntryIterator 
{0x00000000eba581c8} - klass: 'java/util/LinkedHashMap$LinkedEntryIterator'
 - ---- fields (total size 4 words):
 - 'expectedModCount' 'I' @12  5
 - 'next' 'Ljava/util/LinkedHashMap$Entry;' @16  a 'java/util/LinkedHashMap$Entry'{0x00000000eba57fa0} (eba57fa0)
 - 'current' 'Ljava/util/LinkedHashMap$Entry;' @20  NULL (0)
 - final synthetic 'this$0' 'Ljava/util/LinkedHashMap;' @24  a 'java/util/LinkedHashMap'{0x00000000eba57ed8} (eba57ed8)
 - final synthetic 'this$0' 'Ljava/util/LinkedHashMap;' @28  a 'java/util/LinkedHashMap'{0x00000000eba57ed8} (eba57ed8)
RDI=0x000001bdb915f448 is pointing into metadata
R8 =0x0000000000000019 is an unknown value
R9 =0x00000000c0656ff8 is an oop: java.lang.Object 
{0x00000000c0656ff8} - klass: 'java/lang/Object'
 - ---- fields (total size 2 words):
R10=0x00007ffc8b49c780 jvm.dll
R11=0x000001bda5c49360 is at entry_point+32 in (nmethod*)0x000001bda5c49190
R12=0x0 is NULL
R13=0x000000ab5affeaf8 is pointing into the stack for thread: 0x000001bdb8926c60
R14=0x00000001000f2568 is pointing into metadata
R15=0x000001bdb8926c60 is a thread


Registers:
RAX=0x000001bdb77be828, RBX=0x000001bdb77be828, RCX=0x000001bdb70fbb68, RDX=0x00000000eba581c8
RSP=0x000000ab5affeaa8, RBP=0x000000ab5affeb58, RSI=0x00000000eba581c8, RDI=0x000001bdb915f448
R8 =0x0000000000000019, R9 =0x00000000c0656ff8, R10=0x00007ffc8b49c780, R11=0x000001bda5c49360
R12=0x0000000000000000, R13=0x000000ab5affeaf8, R14=0x00000001000f2568, R15=0x000001bdb8926c60
RIP=0x000001bd36048500, EFLAGS=0x0000000000010206

Top of Stack: (sp=0x000000ab5affeaa8)
0x000000ab5affeaa8:   000001bda5c493ec 000001bdb92db098
0x000000ab5affeab8:   0000000000000000 00000000c0457558
0x000000ab5affeac8:   000001bdb92d9678 0000000000000000
0x000000ab5affead8:   000000ab5affeaf8 000000ab5affeb58
0x000000ab5affeae8:   000001bdad049a77 000001bdad049a77
0x000000ab5affeaf8:   00000000eba581c8 0000000000000019
0x000000ab5affeb08:   0000000000000000 000000ab5affeb00
0x000000ab5affeb18:   000001bdb92d9ba2 000000ab5affebc8
0x000000ab5affeb28:   000001bdb92db098 0000000000000000
0x000000ab5affeb38:   00000000c0457558 000001bdb92d9dd8
0x000000ab5affeb48:   000000ab5affeaf8 000000ab5affebc0
0x000000ab5affeb58:   000000ab5affec18 000001bdad0494cc
0x000000ab5affeb68:   0000000000000000 0000000000000000
0x000000ab5affeb78:   00000000eba581c8 00000000eba58110
0x000000ab5affeb88:   00000000eba58190 00000000eba58168
0x000000ab5affeb98:   0000000000000000 0000000000000000 

Instructions: (pc=0x000001bd36048500)
0x000001bd36048400:   ?? ?? ?? ?? ?? ?? ?? ?? ?? ?? ?? ?? ?? ?? ?? ??
0x000001bd36048410:   ?? ?? ?? ?? ?? ?? ?? ?? ?? ?? ?? ?? ?? ?? ?? ??
0x000001bd36048420:   ?? ?? ?? ?? ?? ?? ?? ?? ?? ?? ?? ?? ?? ?? ?? ??
0x000001bd36048430:   ?? ?? ?? ?? ?? ?? ?? ?? ?? ?? ?? ?? ?? ?? ?? ??
0x000001bd36048440:   ?? ?? ?? ?? ?? ?? ?? ?? ?? ?? ?? ?? ?? ?? ?? ??
0x000001bd36048450:   ?? ?? ?? ?? ?? ?? ?? ?? ?? ?? ?? ?? ?? ?? ?? ??
0x000001bd36048460:   ?? ?? ?? ?? ?? ?? ?? ?? ?? ?? ?? ?? ?? ?? ?? ??
0x000001bd36048470:   ?? ?? ?? ?? ?? ?? ?? ?? ?? ?? ?? ?? ?? ?? ?? ??
0x000001bd36048480:   ?? ?? ?? ?? ?? ?? ?? ?? ?? ?? ?? ?? ?? ?? ?? ??
0x000001bd36048490:   ?? ?? ?? ?? ?? ?? ?? ?? ?? ?? ?? ?? ?? ?? ?? ??
0x000001bd360484a0:   ?? ?? ?? ?? ?? ?? ?? ?? ?? ?? ?? ?? ?? ?? ?? ??
0x000001bd360484b0:   ?? ?? ?? ?? ?? ?? ?? ?? ?? ?? ?? ?? ?? ?? ?? ??
0x000001bd360484c0:   ?? ?? ?? ?? ?? ?? ?? ?? ?? ?? ?? ?? ?? ?? ?? ??
0x000001bd360484d0:   ?? ?? ?? ?? ?? ?? ?? ?? ?? ?? ?? ?? ?? ?? ?? ??
0x000001bd360484e0:   ?? ?? ?? ?? ?? ?? ?? ?? ?? ?? ?? ?? ?? ?? ?? ??
0x000001bd360484f0:   ?? ?? ?? ?? ?? ?? ?? ?? ?? ?? ?? ?? ?? ?? ?? ??
0x000001bd36048500:   ?? ?? ?? ?? ?? ?? ?? ?? ?? ?? ?? ?? ?? ?? ?? ??
0x000001bd36048510:   ?? ?? ?? ?? ?? ?? ?? ?? ?? ?? ?? ?? ?? ?? ?? ??
0x000001bd36048520:   ?? ?? ?? ?? ?? ?? ?? ?? ?? ?? ?? ?? ?? ?? ?? ??
0x000001bd36048530:   ?? ?? ?? ?? ?? ?? ?? ?? ?? ?? ?? ?? ?? ?? ?? ??
0x000001bd36048540:   ?? ?? ?? ?? ?? ?? ?? ?? ?? ?? ?? ?? ?? ?? ?? ??
0x000001bd36048550:   ?? ?? ?? ?? ?? ?? ?? ?? ?? ?? ?? ?? ?? ?? ?? ??
0x000001bd36048560:   ?? ?? ?? ?? ?? ?? ?? ?? ?? ?? ?? ?? ?? ?? ?? ??
0x000001bd36048570:   ?? ?? ?? ?? ?? ?? ?? ?? ?? ?? ?? ?? ?? ?? ?? ??
0x000001bd36048580:   ?? ?? ?? ?? ?? ?? ?? ?? ?? ?? ?? ?? ?? ?? ?? ??
0x000001bd36048590:   ?? ?? ?? ?? ?? ?? ?? ?? ?? ?? ?? ?? ?? ?? ?? ??
0x000001bd360485a0:   ?? ?? ?? ?? ?? ?? ?? ?? ?? ?? ?? ?? ?? ?? ?? ??
0x000001bd360485b0:   ?? ?? ?? ?? ?? ?? ?? ?? ?? ?? ?? ?? ?? ?? ?? ??
0x000001bd360485c0:   ?? ?? ?? ?? ?? ?? ?? ?? ?? ?? ?? ?? ?? ?? ?? ??
0x000001bd360485d0:   ?? ?? ?? ?? ?? ?? ?? ?? ?? ?? ?? ?? ?? ?? ?? ??
0x000001bd360485e0:   ?? ?? ?? ?? ?? ?? ?? ?? ?? ?? ?? ?? ?? ?? ?? ??
0x000001bd360485f0:   ?? ?? ?? ?? ?? ?? ?? ?? ?? ?? ?? ?? ?? ?? ?? ?? 


Stack slot to memory mapping:
stack at sp + 0 slots: 0x000001bda5c493ec is at entry_point+172 in (nmethod*)0x000001bda5c49190
stack at sp + 1 slots: 0x000001bdb92db098 is pointing into metadata
stack at sp + 2 slots: 0x0 is NULL
stack at sp + 3 slots: 0x00000000c0457558 is an oop: java.lang.Class 
{0x00000000c0457558} - klass: 'java/lang/Class'
 - ---- fields (total size 16 words):
 - private volatile transient 'classRedefinedCount' 'I' @12  0
 - private volatile transient 'cachedConstructor' 'Ljava/lang/reflect/Constructor;' @40  NULL (0)
 - private transient 'name' 'Ljava/lang/String;' @44  "org.eclipse.osgi.internal.framework.EquinoxEventPublisher"{0x00000000c0016d20} (c0016d20)
 - private transient 'module' 'Ljava/lang/Module;' @48  a 'java/lang/Module'{0x00000000c02d2c00} (c02d2c00)
 - private final 'classLoader' 'Ljava/lang/ClassLoader;' @52  a 'org/eclipse/equinox/launcher/Main$StartupClassLoader'{0x00000000c02d2c38} (c02d2c38)
 - private transient 'classData' 'Ljava/lang/Object;' @56  NULL (0)
 - private transient 'packageName' 'Ljava/lang/String;' @60  "org.eclipse.osgi.internal.framework"{0x00000000c04575d8} (c04575d8)
 - private final 'componentType' 'Ljava/lang/Class;' @64  NULL (0)
 - private volatile transient 'reflectionData' 'Ljava/lang/ref/SoftReference;' @68  NULL (0)
 - private volatile transient 'genericInfo' 'Lsun/reflect/generics/repository/ClassRepository;' @72  NULL (0)
 - private volatile transient 'enumConstants' '[Ljava/lang/Object;' @76  NULL (0)
 - private volatile transient 'enumConstantDirectory' 'Ljava/util/Map;' @80  NULL (0)
 - private volatile transient 'annotationData' 'Ljava/lang/Class$AnnotationData;' @84  NULL (0)
 - private volatile transient 'annotationType' 'Lsun/reflect/annotation/AnnotationType;' @88  NULL (0)
 - transient 'classValueMap' 'Ljava/lang/ClassValue$ClassValueMap;' @92  NULL (0)
 - signature: Lorg/eclipse/osgi/internal/framework/EquinoxEventPublisher;
 - fake entry for mirror: 'org/eclipse/osgi/internal/framework/EquinoxEventPublisher'
 - fake entry for array: NULL
 - fake entry for oop_size: 16
 - fake entry for static_oop_field_count: 0
 - static final 'FRAMEWORK_STOPPED_MASK' 'I' @112  1472 (5c0)
 - static final 'BUNDLEEVENT' 'I' @116  1
 - static final 'BUNDLEEVENTSYNC' 'I' @120  2
 - static final 'FRAMEWORKEVENT' 'I' @124  4
stack at sp + 4 slots: {method} {0x000001bdb92d9680} 'newListenerQueue' '()Lorg/eclipse/osgi/framework/eventmgr/ListenerQueue;' in 'org/eclipse/osgi/internal/framework/EquinoxEventPublisher'
stack at sp + 5 slots: 0x0 is NULL
stack at sp + 6 slots: 0x000000ab5affeaf8 is pointing into the stack for thread: 0x000001bdb8926c60
stack at sp + 7 slots: 0x000000ab5affeb58 is pointing into the stack for thread: 0x000001bdb8926c60


---------------  P R O C E S S  ---------------

Threads class SMR info:
_java_thread_list=0x000001bdbb005ed0, length=26, elements={
0x000001bda2e7fed0, 0x000001bdb6c59740, 0x000001bdb6c5aea0, 0x000001bdb6c87550,
0x000001bdb6c87e10, 0x000001bdb6c886d0, 0x000001bdb6c88f90, 0x000001bdb6c89c30,
0x000001bdb6ced520, 0x000001bdb6cf01e0, 0x000001bda2f3bcc0, 0x000001bdb82d7a80,
0x000001bdb6cca960, 0x000001bdb83fc320, 0x000001bdb87f7ad0, 0x000001bdb833f030,
0x000001bdb84f5c50, 0x000001bdb84f7930, 0x000001bdb84f4de0, 0x000001bdb84f52b0,
0x000001bdb84f65f0, 0x000001bdb84f6ac0, 0x000001bdb84f7e00, 0x000001bdb84f5780,
0x000001bdb89262c0, 0x000001bdb8926c60
}

Java Threads: ( => current thread )
  0x000001bda2e7fed0 JavaThread "main" [_thread_blocked, id=1908, stack(0x000000ab59200000,0x000000ab59300000)]
  0x000001bdb6c59740 JavaThread "Reference Handler" daemon [_thread_blocked, id=7588, stack(0x000000ab59500000,0x000000ab59600000)]
  0x000001bdb6c5aea0 JavaThread "Finalizer" daemon [_thread_blocked, id=5444, stack(0x000000ab59600000,0x000000ab59700000)]
  0x000001bdb6c87550 JavaThread "Signal Dispatcher" daemon [_thread_blocked, id=5980, stack(0x000000ab59700000,0x000000ab59800000)]
  0x000001bdb6c87e10 JavaThread "Attach Listener" daemon [_thread_blocked, id=8600, stack(0x000000ab59800000,0x000000ab59900000)]
  0x000001bdb6c886d0 JavaThread "Service Thread" daemon [_thread_blocked, id=3316, stack(0x000000ab59900000,0x000000ab59a00000)]
  0x000001bdb6c88f90 JavaThread "Monitor Deflation Thread" daemon [_thread_blocked, id=7148, stack(0x000000ab59a00000,0x000000ab59b00000)]
  0x000001bdb6c89c30 JavaThread "C2 CompilerThread0" daemon [_thread_blocked, id=3880, stack(0x000000ab59b00000,0x000000ab59c00000)]
  0x000001bdb6ced520 JavaThread "C1 CompilerThread0" daemon [_thread_blocked, id=4712, stack(0x000000ab59c00000,0x000000ab59d00000)]
  0x000001bdb6cf01e0 JavaThread "Sweeper thread" daemon [_thread_blocked, id=6948, stack(0x000000ab59d00000,0x000000ab59e00000)]
  0x000001bda2f3bcc0 JavaThread "Common-Cleaner" daemon [_thread_blocked, id=6832, stack(0x000000ab59e00000,0x000000ab59f00000)]
  0x000001bdb82d7a80 JavaThread "Notification Thread" daemon [_thread_blocked, id=7428, stack(0x000000ab59f00000,0x000000ab5a000000)]
  0x000001bdb6cca960 JavaThread "Active Thread: Equinox Container: 35ba359e-2fb4-487e-9e77-9838f45e05e0" [_thread_blocked, id=9016, stack(0x000000ab5a200000,0x000000ab5a300000)]
  0x000001bdb83fc320 JavaThread "Framework Event Dispatcher: Equinox Container: 35ba359e-2fb4-487e-9e77-9838f45e05e0" daemon [_thread_blocked, id=6164, stack(0x000000ab5a300000,0x000000ab5a400000)]
  0x000001bdb87f7ad0 JavaThread "Start Level: Equinox Container: 35ba359e-2fb4-487e-9e77-9838f45e05e0" daemon [_thread_blocked, id=712, stack(0x000000ab5a400000,0x000000ab5a500000)]
  0x000001bdb833f030 JavaThread "SCR Component Actor" daemon [_thread_blocked, id=4756, stack(0x000000ab5a500000,0x000000ab5a600000)]
  0x000001bdb84f5c50 JavaThread "Worker-JM" [_thread_blocked, id=8920, stack(0x000000ab5a700000,0x000000ab5a800000)]
  0x000001bdb84f7930 JavaThread "Worker-0" [_thread_blocked, id=5552, stack(0x000000ab5a600000,0x000000ab5a700000)]
  0x000001bdb84f4de0 JavaThread "Worker-1" [_thread_blocked, id=6032, stack(0x000000ab5a800000,0x000000ab5a900000)]
  0x000001bdb84f52b0 JavaThread "JNA Cleaner" daemon [_thread_blocked, id=8828, stack(0x000000ab5a900000,0x000000ab5aa00000)]
  0x000001bdb84f65f0 JavaThread "pool-2-thread-1" [_thread_blocked, id=8796, stack(0x000000ab5ac00000,0x000000ab5ad00000)]
  0x000001bdb84f6ac0 JavaThread "pool-1-thread-1" [_thread_in_native, id=8984, stack(0x000000ab5ad00000,0x000000ab5ae00000)]
  0x000001bdb84f7e00 JavaThread "Worker-2" [_thread_blocked, id=8272, stack(0x000000ab5ae00000,0x000000ab5af00000)]
  0x000001bdb84f5780 JavaThread "Thread-4" [_thread_blocked, id=2148, stack(0x000000ab59000000,0x000000ab59100000)]
  0x000001bdb89262c0 JavaThread "pool-3-thread-1" [_thread_blocked, id=6712, stack(0x000000ab59100000,0x000000ab59200000)]
=>0x000001bdb8926c60 JavaThread "Framework stop - Equinox Container: 35ba359e-2fb4-487e-9e77-9838f45e05e0" [_thread_in_Java, id=7764, stack(0x000000ab5af00000,0x000000ab5b000000)]

Other Threads:
  0x000001bdb6ba7280 VMThread "VM Thread" [stack: 0x000000ab59400000,0x000000ab59500000] [id=3356]
  0x000001bdb82e5ea0 WatcherThread [stack: 0x000000ab5a000000,0x000000ab5a100000] [id=3012]
  0x000001bda2e94f00 GCTaskThread "GC Thread#0" [stack: 0x000000ab59300000,0x000000ab59400000] [id=4800]
  0x000001bdb8182bc0 GCTaskThread "GC Thread#1" [stack: 0x000000ab5a100000,0x000000ab5a200000] [id=112]

Threads with active compile tasks:

VM state: not at safepoint (normal execution)

VM Mutex/Monitor currently owned by a thread: None

Heap address: 0x00000000c0000000, size: 1024 MB, Compressed Oops mode: 32-bit

CDS archive(s) not mapped
Compressed class space mapped at: 0x0000000100000000-0x0000000140000000, reserved size: 1073741824
Narrow klass base: 0x0000000000000000, Narrow klass shift: 3, Narrow klass range: 0x140000000

GC Precious Log:
 CPUs: 2 total, 2 available
 Memory: 3197M
 Large Page Support: Disabled
 NUMA Support: Disabled
 Compressed Oops: Enabled (32-bit)
 Alignments: Space 512K, Generation 512K, Heap 2M
 Heap Min Capacity: 100M
 Heap Initial Capacity: 100M
 Heap Max Capacity: 1G
 Pre-touch: Disabled
 Parallel Workers: 2

Heap:
 PSYoungGen      total 22016K, used 16366K [0x00000000eab00000, 0x00000000ec280000, 0x0000000100000000)
  eden space 20992K, 75% used [0x00000000eab00000,0x00000000eba67ea8,0x00000000ebf80000)
  from space 1024K, 57% used [0x00000000ec080000,0x00000000ec113b08,0x00000000ec180000)
  to   space 1024K, 0% used [0x00000000ec180000,0x00000000ec180000,0x00000000ec280000)
 ParOldGen       total 68608K, used 24451K [0x00000000c0000000, 0x00000000c4300000, 0x00000000eab00000)
  object space 68608K, 35% used [0x00000000c0000000,0x00000000c17e0e38,0x00000000c4300000)
 Metaspace       used 41777K, committed 42496K, reserved 1089536K
  class space    used 4241K, committed 4544K, reserved 1048576K

Card table byte_map: [0x000001bda2860000,0x000001bda2a70000] _byte_map_base: 0x000001bda2260000

Marking Bits: (ParMarkBitMap*) 0x00007ffc8b493e70
 Begin Bits: [0x000001bdb4b10000, 0x000001bdb5b10000)
 End Bits:   [0x000001bdb5b10000, 0x000001bdb6b10000)

Polling page: 0x000001bda2650000

Metaspace:

Usage:
  Non-class:     36.66 MB used.
      Class:      4.14 MB used.
       Both:     40.80 MB used.

Virtual space:
  Non-class space:       40.00 MB reserved,      37.06 MB ( 93%) committed,  5 nodes.
      Class space:        1.00 GB reserved,       4.44 MB ( <1%) committed,  1 nodes.
             Both:        1.04 GB reserved,      41.50 MB (  4%) committed. 

Chunk freelists:
   Non-Class:  2.22 MB
       Class:  3.39 MB
        Both:  5.61 MB

MaxMetaspaceSize: unlimited
CompressedClassSpaceSize: 1.00 GB
Initial GC threshold: 21.00 MB
Current GC threshold: 58.38 MB
CDS: off
MetaspaceReclaimPolicy: balanced
 - commit_granule_bytes: 65536.
 - commit_granule_words: 8192.
 - virtual_space_node_default_size: 1048576.
 - enlarge_chunks_in_place: 1.
 - new_chunks_are_fully_committed: 0.
 - uncommit_free_chunks: 1.
 - use_allocation_guard: 0.
 - handle_deallocations: 1.


Internal statistics:

num_allocs_failed_limit: 6.
num_arena_births: 310.
num_arena_deaths: 14.
num_vsnodes_births: 6.
num_vsnodes_deaths: 0.
num_space_committed: 664.
num_space_uncommitted: 0.
num_chunks_returned_to_freelist: 20.
num_chunks_taken_from_freelist: 1629.
num_chunk_merges: 10.
num_chunk_splits: 1088.
num_chunks_enlarged: 754.
num_purges: 2.
num_inconsistent_stats: 0.

CodeHeap 'non-profiled nmethods': size=120064Kb used=2243Kb max_used=2243Kb free=117820Kb
 bounds [0x000001bdad5d0000, 0x000001bdad840000, 0x000001bdb4b10000]
CodeHeap 'profiled nmethods': size=120000Kb used=8946Kb max_used=8946Kb free=111053Kb
 bounds [0x000001bda5b10000, 0x000001bda63d0000, 0x000001bdad040000]
CodeHeap 'non-nmethods': size=5696Kb used=1288Kb max_used=1335Kb free=4407Kb
 bounds [0x000001bdad040000, 0x000001bdad2b0000, 0x000001bdad5d0000]
 total_blobs=4691 nmethods=4071 adapters=535
 compilation: enabled
              stopped_count=0, restarted_count=0
 full_count=0

Compilation events (20 events):
Event: 116.627 Thread 0x000001bdb6ced520 4091       3       java.io.FileDescriptor::valid (25 bytes)
Event: 116.628 Thread 0x000001bdb6ced520 nmethod 4091 0x000001bda63c2290 code [0x000001bda63c2420, 0x000001bda63c25d8]
Event: 116.630 Thread 0x000001bdb6ced520 4092   !   3       org.eclipse.osgi.internal.log.ExtendedLogReaderServiceFactory::safeIsLoggable (30 bytes)
Event: 116.631 Thread 0x000001bdb6ced520 nmethod 4092 0x000001bda63c2690 code [0x000001bda63c2880, 0x000001bda63c2e88]
Event: 116.631 Thread 0x000001bdb6ced520 4093   !   3       org.eclipse.osgi.internal.framework.BundleContextImpl::dispatchEvent (558 bytes)
Event: 116.642 Thread 0x000001bdb6ced520 nmethod 4093 0x000001bda63c3090 code [0x000001bda63c3a00, 0x000001bda63c89f8]
Event: 116.642 Thread 0x000001bdb6ced520 4094       3       org.eclipse.osgi.internal.framework.FilterImpl$And::matches0 (41 bytes)
Event: 116.643 Thread 0x000001bdb6ced520 nmethod 4094 0x000001bda63cb510 code [0x000001bda63cb6c0, 0x000001bda63cba08]
Event: 116.662 Thread 0x000001bdb6ced520 4095       1       org.eclipse.osgi.container.ModuleWire::getRequirer (5 bytes)
Event: 116.662 Thread 0x000001bdb6ced520 nmethod 4095 0x000001bdad7fff10 code [0x000001bdad8000a0, 0x000001bdad800178]
Event: 116.662 Thread 0x000001bdb6ced520 4096       1       org.eclipse.osgi.container.ModuleWire::getProvider (5 bytes)
Event: 116.662 Thread 0x000001bdb6ced520 nmethod 4096 0x000001bdad800210 code [0x000001bdad8003a0, 0x000001bdad800478]
Event: 116.666 Thread 0x000001bdb6ced520 4097       3       org.eclipse.osgi.internal.container.ComputeNodeOrder$Digraph::addEdge (67 bytes)
Event: 116.666 Thread 0x000001bdb6ced520 nmethod 4097 0x000001bda63cbb90 code [0x000001bda63cbda0, 0x000001bda63cc458]
Event: 116.669 Thread 0x000001bdb6c89c30 4098       4       java.util.concurrent.locks.ReentrantReadWriteLock$Sync::tryAcquireShared (177 bytes)
Event: 116.673 Thread 0x000001bdb6ced520 4100       3       org.eclipse.osgi.internal.log.LoggerImpl::isDebugEnabled (11 bytes)
Event: 116.673 Thread 0x000001bdb6c89c30 nmethod 4098 0x000001bdad800510 code [0x000001bdad800680, 0x000001bdad800818]
Event: 116.673 Thread 0x000001bdb6c89c30 4099       4       java.util.LinkedHashMap$LinkedHashIterator::nextNode (54 bytes)
Event: 116.674 Thread 0x000001bdb6ced520 nmethod 4100 0x000001bda63cc690 code [0x000001bda63cc840, 0x000001bda63cca38]
Event: 116.675 Thread 0x000001bdb6c89c30 nmethod 4099 0x000001bdad800990 code [0x000001bdad800b00, 0x000001bdad800bf8]

GC Heap History (20 events):
Event: 70.747 GC heap before
{Heap before GC invocations=10 (full 1):
 PSYoungGen      total 26112K, used 26100K [0x00000000eab00000, 0x00000000eca00000, 0x0000000100000000)
  eden space 23552K, 100% used [0x00000000eab00000,0x00000000ec200000,0x00000000ec200000)
  from space 2560K, 99% used [0x00000000ec600000,0x00000000ec87d008,0x00000000ec880000)
  to   space 4096K, 0% used [0x00000000ec200000,0x00000000ec200000,0x00000000ec600000)
 ParOldGen       total 68608K, used 8712K [0x00000000c0000000, 0x00000000c4300000, 0x00000000eab00000)
  object space 68608K, 12% used [0x00000000c0000000,0x00000000c08820a0,0x00000000c4300000)
 Metaspace       used 35136K, committed 35840K, reserved 1081344K
  class space    used 3550K, committed 3904K, reserved 1048576K
}
Event: 70.766 GC heap after
{Heap after GC invocations=10 (full 1):
 PSYoungGen      total 27136K, used 3894K [0x00000000eab00000, 0x00000000ec980000, 0x0000000100000000)
  eden space 23040K, 0% used [0x00000000eab00000,0x00000000eab00000,0x00000000ec180000)
  from space 4096K, 95% used [0x00000000ec200000,0x00000000ec5cdaa0,0x00000000ec600000)
  to   space 3584K, 0% used [0x00000000ec600000,0x00000000ec600000,0x00000000ec980000)
 ParOldGen       total 68608K, used 9655K [0x00000000c0000000, 0x00000000c4300000, 0x00000000eab00000)
  object space 68608K, 14% used [0x00000000c0000000,0x00000000c096de60,0x00000000c4300000)
 Metaspace       used 35136K, committed 35840K, reserved 1081344K
  class space    used 3550K, committed 3904K, reserved 1048576K
}
Event: 71.728 GC heap before
{Heap before GC invocations=11 (full 1):
 PSYoungGen      total 27136K, used 10208K [0x00000000eab00000, 0x00000000ec980000, 0x0000000100000000)
  eden space 23040K, 27% used [0x00000000eab00000,0x00000000eb12a658,0x00000000ec180000)
  from space 4096K, 95% used [0x00000000ec200000,0x00000000ec5cdaa0,0x00000000ec600000)
  to   space 3584K, 0% used [0x00000000ec600000,0x00000000ec600000,0x00000000ec980000)
 ParOldGen       total 68608K, used 9655K [0x00000000c0000000, 0x00000000c4300000, 0x00000000eab00000)
  object space 68608K, 14% used [0x00000000c0000000,0x00000000c096de60,0x00000000c4300000)
 Metaspace       used 35146K, committed 35840K, reserved 1081344K
  class space    used 3550K, committed 3904K, reserved 1048576K
}
Event: 71.742 GC heap after
{Heap after GC invocations=11 (full 1):
 PSYoungGen      total 26112K, used 2880K [0x00000000eab00000, 0x00000000ec900000, 0x0000000100000000)
  eden space 23040K, 0% used [0x00000000eab00000,0x00000000eab00000,0x00000000ec180000)
  from space 3072K, 93% used [0x00000000ec600000,0x00000000ec8d0010,0x00000000ec900000)
  to   space 3584K, 0% used [0x00000000ec200000,0x00000000ec200000,0x00000000ec580000)
 ParOldGen       total 68608K, used 11229K [0x00000000c0000000, 0x00000000c4300000, 0x00000000eab00000)
  object space 68608K, 16% used [0x00000000c0000000,0x00000000c0af74b0,0x00000000c4300000)
 Metaspace       used 35146K, committed 35840K, reserved 1081344K
  class space    used 3550K, committed 3904K, reserved 1048576K
}
Event: 71.742 GC heap before
{Heap before GC invocations=12 (full 2):
 PSYoungGen      total 26112K, used 2880K [0x00000000eab00000, 0x00000000ec900000, 0x0000000100000000)
  eden space 23040K, 0% used [0x00000000eab00000,0x00000000eab00000,0x00000000ec180000)
  from space 3072K, 93% used [0x00000000ec600000,0x00000000ec8d0010,0x00000000ec900000)
  to   space 3584K, 0% used [0x00000000ec200000,0x00000000ec200000,0x00000000ec580000)
 ParOldGen       total 68608K, used 11229K [0x00000000c0000000, 0x00000000c4300000, 0x00000000eab00000)
  object space 68608K, 16% used [0x00000000c0000000,0x00000000c0af74b0,0x00000000c4300000)
 Metaspace       used 35146K, committed 35840K, reserved 1081344K
  class space    used 3550K, committed 3904K, reserved 1048576K
}
Event: 71.842 GC heap after
{Heap after GC invocations=12 (full 2):
 PSYoungGen      total 26112K, used 0K [0x00000000eab00000, 0x00000000ec900000, 0x0000000100000000)
  eden space 23040K, 0% used [0x00000000eab00000,0x00000000eab00000,0x00000000ec180000)
  from space 3072K, 0% used [0x00000000ec600000,0x00000000ec600000,0x00000000ec900000)
  to   space 3584K, 0% used [0x00000000ec200000,0x00000000ec200000,0x00000000ec580000)
 ParOldGen       total 68608K, used 13835K [0x00000000c0000000, 0x00000000c4300000, 0x00000000eab00000)
  object space 68608K, 20% used [0x00000000c0000000,0x00000000c0d82f78,0x00000000c4300000)
 Metaspace       used 35146K, committed 35840K, reserved 1081344K
  class space    used 3550K, committed 3904K, reserved 1048576K
}
Event: 73.195 GC heap before
{Heap before GC invocations=13 (full 2):
 PSYoungGen      total 26112K, used 23040K [0x00000000eab00000, 0x00000000ec900000, 0x0000000100000000)
  eden space 23040K, 100% used [0x00000000eab00000,0x00000000ec180000,0x00000000ec180000)
  from space 3072K, 0% used [0x00000000ec600000,0x00000000ec600000,0x00000000ec900000)
  to   space 3584K, 0% used [0x00000000ec200000,0x00000000ec200000,0x00000000ec580000)
 ParOldGen       total 68608K, used 13835K [0x00000000c0000000, 0x00000000c4300000, 0x00000000eab00000)
  object space 68608K, 20% used [0x00000000c0000000,0x00000000c0d82f78,0x00000000c4300000)
 Metaspace       used 35188K, committed 35904K, reserved 1081344K
  class space    used 3563K, committed 3904K, reserved 1048576K
}
Event: 73.206 GC heap after
{Heap after GC invocations=13 (full 2):
 PSYoungGen      total 25600K, used 2720K [0x00000000eab00000, 0x00000000ec700000, 0x0000000100000000)
  eden space 22528K, 0% used [0x00000000eab00000,0x00000000eab00000,0x00000000ec100000)
  from space 3072K, 88% used [0x00000000ec200000,0x00000000ec4a8020,0x00000000ec500000)
  to   space 2048K, 0% used [0x00000000ec500000,0x00000000ec500000,0x00000000ec700000)
 ParOldGen       total 68608K, used 13835K [0x00000000c0000000, 0x00000000c4300000, 0x00000000eab00000)
  object space 68608K, 20% used [0x00000000c0000000,0x00000000c0d82f78,0x00000000c4300000)
 Metaspace       used 35188K, committed 35904K, reserved 1081344K
  class space    used 3563K, committed 3904K, reserved 1048576K
}
Event: 73.816 GC heap before
{Heap before GC invocations=14 (full 2):
 PSYoungGen      total 25600K, used 25248K [0x00000000eab00000, 0x00000000ec700000, 0x0000000100000000)
  eden space 22528K, 100% used [0x00000000eab00000,0x00000000ec100000,0x00000000ec100000)
  from space 3072K, 88% used [0x00000000ec200000,0x00000000ec4a8020,0x00000000ec500000)
  to   space 2048K, 0% used [0x00000000ec500000,0x00000000ec500000,0x00000000ec700000)
 ParOldGen       total 68608K, used 13835K [0x00000000c0000000, 0x00000000c4300000, 0x00000000eab00000)
  object space 68608K, 20% used [0x00000000c0000000,0x00000000c0d82f78,0x00000000c4300000)
 Metaspace       used 35188K, committed 35904K, reserved 1081344K
  class space    used 3563K, committed 3904K, reserved 1048576K
}
Event: 73.835 GC heap after
{Heap after GC invocations=14 (full 2):
 PSYoungGen      total 23040K, used 2048K [0x00000000eab00000, 0x00000000ecb80000, 0x0000000100000000)
  eden space 20992K, 0% used [0x00000000eab00000,0x00000000eab00000,0x00000000ebf80000)
  from space 2048K, 100% used [0x00000000ec500000,0x00000000ec700000,0x00000000ec700000)
  to   space 5632K, 0% used [0x00000000ebf80000,0x00000000ebf80000,0x00000000ec500000)
 ParOldGen       total 68608K, used 16933K [0x00000000c0000000, 0x00000000c4300000, 0x00000000eab00000)
  object space 68608K, 24% used [0x00000000c0000000,0x00000000c1089700,0x00000000c4300000)
 Metaspace       used 35188K, committed 35904K, reserved 1081344K
  class space    used 3563K, committed 3904K, reserved 1048576K
}
Event: 74.230 GC heap before
{Heap before GC invocations=15 (full 2):
 PSYoungGen      total 23040K, used 23040K [0x00000000eab00000, 0x00000000ecb80000, 0x0000000100000000)
  eden space 20992K, 100% used [0x00000000eab00000,0x00000000ebf80000,0x00000000ebf80000)
  from space 2048K, 100% used [0x00000000ec500000,0x00000000ec700000,0x00000000ec700000)
  to   space 5632K, 0% used [0x00000000ebf80000,0x00000000ebf80000,0x00000000ec500000)
 ParOldGen       total 68608K, used 16933K [0x00000000c0000000, 0x00000000c4300000, 0x00000000eab00000)
  object space 68608K, 24% used [0x00000000c0000000,0x00000000c1089700,0x00000000c4300000)
 Metaspace       used 35188K, committed 35904K, reserved 1081344K
  class space    used 3563K, committed 3904K, reserved 1048576K
}
Event: 74.246 GC heap after
{Heap after GC invocations=15 (full 2):
 PSYoungGen      total 23552K, used 2336K [0x00000000eab00000, 0x00000000ec680000, 0x0000000100000000)
  eden space 20992K, 0% used [0x00000000eab00000,0x00000000eab00000,0x00000000ebf80000)
  from space 2560K, 91% used [0x00000000ebf80000,0x00000000ec1c8010,0x00000000ec200000)
  to   space 3584K, 0% used [0x00000000ec300000,0x00000000ec300000,0x00000000ec680000)
 ParOldGen       total 68608K, used 18989K [0x00000000c0000000, 0x00000000c4300000, 0x00000000eab00000)
  object space 68608K, 27% used [0x00000000c0000000,0x00000000c128b700,0x00000000c4300000)
 Metaspace       used 35188K, committed 35904K, reserved 1081344K
  class space    used 3563K, committed 3904K, reserved 1048576K
}
Event: 83.128 GC heap before
{Heap before GC invocations=16 (full 2):
 PSYoungGen      total 23552K, used 23291K [0x00000000eab00000, 0x00000000ec680000, 0x0000000100000000)
  eden space 20992K, 99% used [0x00000000eab00000,0x00000000ebf76d38,0x00000000ebf80000)
  from space 2560K, 91% used [0x00000000ebf80000,0x00000000ec1c8010,0x00000000ec200000)
  to   space 3584K, 0% used [0x00000000ec300000,0x00000000ec300000,0x00000000ec680000)
 ParOldGen       total 68608K, used 18989K [0x00000000c0000000, 0x00000000c4300000, 0x00000000eab00000)
  object space 68608K, 27% used [0x00000000c0000000,0x00000000c128b700,0x00000000c4300000)
 Metaspace       used 36848K, committed 37568K, reserved 1089536K
  class space    used 3741K, committed 4096K, reserved 1048576K
}
Event: 83.144 GC heap after
{Heap after GC invocations=16 (full 2):
 PSYoungGen      total 23552K, used 2072K [0x00000000eab00000, 0x00000000ec580000, 0x0000000100000000)
  eden space 20992K, 0% used [0x00000000eab00000,0x00000000eab00000,0x00000000ebf80000)
  from space 2560K, 80% used [0x00000000ec300000,0x00000000ec506338,0x00000000ec580000)
  to   space 2560K, 0% used [0x00000000ebf80000,0x00000000ebf80000,0x00000000ec200000)
 ParOldGen       total 68608K, used 21299K [0x00000000c0000000, 0x00000000c4300000, 0x00000000eab00000)
  object space 68608K, 31% used [0x00000000c0000000,0x00000000c14ccf90,0x00000000c4300000)
 Metaspace       used 36848K, committed 37568K, reserved 1089536K
  class space    used 3741K, committed 4096K, reserved 1048576K
}
Event: 96.200 GC heap before
{Heap before GC invocations=17 (full 2):
 PSYoungGen      total 23552K, used 23064K [0x00000000eab00000, 0x00000000ec580000, 0x0000000100000000)
  eden space 20992K, 100% used [0x00000000eab00000,0x00000000ebf80000,0x00000000ebf80000)
  from space 2560K, 80% used [0x00000000ec300000,0x00000000ec506338,0x00000000ec580000)
  to   space 2560K, 0% used [0x00000000ebf80000,0x00000000ebf80000,0x00000000ec200000)
 ParOldGen       total 68608K, used 21299K [0x00000000c0000000, 0x00000000c4300000, 0x00000000eab00000)
  object space 68608K, 31% used [0x00000000c0000000,0x00000000c14ccf90,0x00000000c4300000)
 Metaspace       used 38426K, committed 39168K, reserved 1089536K
  class space    used 3928K, committed 4288K, reserved 1048576K
}
Event: 96.212 GC heap after
{Heap after GC invocations=17 (full 2):
 PSYoungGen      total 23552K, used 726K [0x00000000eab00000, 0x00000000ec380000, 0x0000000100000000)
  eden space 20992K, 0% used [0x00000000eab00000,0x00000000eab00000,0x00000000ebf80000)
  from space 2560K, 28% used [0x00000000ebf80000,0x00000000ec035a30,0x00000000ec200000)
  to   space 1536K, 0% used [0x00000000ec200000,0x00000000ec200000,0x00000000ec380000)
 ParOldGen       total 68608K, used 23321K [0x00000000c0000000, 0x00000000c4300000, 0x00000000eab00000)
  object space 68608K, 33% used [0x00000000c0000000,0x00000000c16c67b0,0x00000000c4300000)
 Metaspace       used 38426K, committed 39168K, reserved 1089536K
  class space    used 3928K, committed 4288K, reserved 1048576K
}
Event: 104.063 GC heap before
{Heap before GC invocations=18 (full 2):
 PSYoungGen      total 23552K, used 21718K [0x00000000eab00000, 0x00000000ec380000, 0x0000000100000000)
  eden space 20992K, 100% used [0x00000000eab00000,0x00000000ebf80000,0x00000000ebf80000)
  from space 2560K, 28% used [0x00000000ebf80000,0x00000000ec035a30,0x00000000ec200000)
  to   space 1536K, 0% used [0x00000000ec200000,0x00000000ec200000,0x00000000ec380000)
 ParOldGen       total 68608K, used 23321K [0x00000000c0000000, 0x00000000c4300000, 0x00000000eab00000)
  object space 68608K, 33% used [0x00000000c0000000,0x00000000c16c67b0,0x00000000c4300000)
 Metaspace       used 39322K, committed 40064K, reserved 1089536K
  class space    used 4012K, committed 4352K, reserved 1048576K
}
Event: 104.071 GC heap after
{Heap after GC invocations=18 (full 2):
 PSYoungGen      total 22528K, used 1370K [0x00000000eab00000, 0x00000000ec380000, 0x0000000100000000)
  eden space 20992K, 0% used [0x00000000eab00000,0x00000000eab00000,0x00000000ebf80000)
  from space 1536K, 89% used [0x00000000ec200000,0x00000000ec3568b0,0x00000000ec380000)
  to   space 1536K, 0% used [0x00000000ec080000,0x00000000ec080000,0x00000000ec200000)
 ParOldGen       total 68608K, used 23947K [0x00000000c0000000, 0x00000000c4300000, 0x00000000eab00000)
  object space 68608K, 34% used [0x00000000c0000000,0x00000000c1762cb8,0x00000000c4300000)
 Metaspace       used 39322K, committed 40064K, reserved 1089536K
  class space    used 4012K, committed 4352K, reserved 1048576K
}
Event: 106.978 GC heap before
{Heap before GC invocations=19 (full 2):
 PSYoungGen      total 22528K, used 22362K [0x00000000eab00000, 0x00000000ec380000, 0x0000000100000000)
  eden space 20992K, 100% used [0x00000000eab00000,0x00000000ebf80000,0x00000000ebf80000)
  from space 1536K, 89% used [0x00000000ec200000,0x00000000ec3568b0,0x00000000ec380000)
  to   space 1536K, 0% used [0x00000000ec080000,0x00000000ec080000,0x00000000ec200000)
 ParOldGen       total 68608K, used 23947K [0x00000000c0000000, 0x00000000c4300000, 0x00000000eab00000)
  object space 68608K, 34% used [0x00000000c0000000,0x00000000c1762cb8,0x00000000c4300000)
 Metaspace       used 39338K, committed 40064K, reserved 1089536K
  class space    used 4012K, committed 4352K, reserved 1048576K
}
Event: 106.981 GC heap after
{Heap after GC invocations=19 (full 2):
 PSYoungGen      total 22016K, used 590K [0x00000000eab00000, 0x00000000ec280000, 0x0000000100000000)
  eden space 20992K, 0% used [0x00000000eab00000,0x00000000eab00000,0x00000000ebf80000)
  from space 1024K, 57% used [0x00000000ec080000,0x00000000ec113b08,0x00000000ec180000)
  to   space 1024K, 0% used [0x00000000ec180000,0x00000000ec180000,0x00000000ec280000)
 ParOldGen       total 68608K, used 24451K [0x00000000c0000000, 0x00000000c4300000, 0x00000000eab00000)
  object space 68608K, 35% used [0x00000000c0000000,0x00000000c17e0e38,0x00000000c4300000)
 Metaspace       used 39338K, committed 40064K, reserved 1089536K
  class space    used 4012K, committed 4352K, reserved 1048576K
}

Dll operation events (10 events):
Event: 0.038 Loaded shared library c:\Users\familiazurlo\.vscode\extensions\redhat.java-1.15.0-win32-x64\jre\17.0.6-win32-x86_64\bin\java.dll
Event: 2.255 Loaded shared library c:\Users\familiazurlo\.vscode\extensions\redhat.java-1.15.0-win32-x64\jre\17.0.6-win32-x86_64\bin\zip.dll
Event: 2.274 Loaded shared library C:\Users\familiazurlo\.vscode\extensions\redhat.java-1.15.0-win32-x64\jre\17.0.6-win32-x86_64\bin\instrument.dll
Event: 2.407 Loaded shared library C:\Users\familiazurlo\.vscode\extensions\redhat.java-1.15.0-win32-x64\jre\17.0.6-win32-x86_64\bin\net.dll
Event: 2.414 Loaded shared library C:\Users\familiazurlo\.vscode\extensions\redhat.java-1.15.0-win32-x64\jre\17.0.6-win32-x86_64\bin\nio.dll
Event: 2.543 Loaded shared library C:\Users\familiazurlo\.vscode\extensions\redhat.java-1.15.0-win32-x64\jre\17.0.6-win32-x86_64\bin\zip.dll
Event: 2.815 Loaded shared library C:\Users\familiazurlo\.vscode\extensions\redhat.java-1.15.0-win32-x64\jre\17.0.6-win32-x86_64\bin\jimage.dll
Event: 3.663 Loaded shared library c:\Users\familiazurlo\.vscode\extensions\redhat.java-1.15.0-win32-x64\jre\17.0.6-win32-x86_64\bin\verify.dll
Event: 18.900 Loaded shared library C:\Users\familiazurlo\AppData\Roaming\Code\User\globalStorage\redhat.java\1.15.0\config_ss_win\org.eclipse.equinox.launcher\org.eclipse.equinox.launcher.win32.win32.x86_64_1.2.700.v20221108-1024\eclipse_11801.dll
Event: 51.353 Loaded shared library C:\Users\familiazurlo\AppData\Local\Temp\jna--2136490771\jna2885997531942408004.dll

Deoptimization events (20 events):
Event: 114.249 Thread 0x000001bdb84f6ac0 DEOPT PACKING pc=0x000001bdad70b0bc sp=0x000000ab5adfdeb0
Event: 114.249 Thread 0x000001bdb84f6ac0 DEOPT UNPACKING pc=0x000001bdad09669d sp=0x000000ab5adfde40 mode 2
Event: 114.249 Thread 0x000001bdb84f6ac0 Uncommon trap: trap_request=0xffffffc6 fr.pc=0x000001bdad70b0bc relative=0x000000000000009c
Event: 114.249 Thread 0x000001bdb84f6ac0 Uncommon trap: reason=bimorphic_or_optimized_type_check action=maybe_recompile pc=0x000001bdad70b0bc method=java.util.stream.Sink$ChainedReference.cancellationRequested()Z @ 4 c2
Event: 114.249 Thread 0x000001bdb84f6ac0 DEOPT PACKING pc=0x000001bdad70b0bc sp=0x000000ab5adfdeb0
Event: 114.249 Thread 0x000001bdb84f6ac0 DEOPT UNPACKING pc=0x000001bdad09669d sp=0x000000ab5adfde40 mode 2
Event: 115.469 Thread 0x000001bdb84f6ac0 Uncommon trap: trap_request=0xffffffc6 fr.pc=0x000001bdad70b0bc relative=0x000000000000009c
Event: 115.469 Thread 0x000001bdb84f6ac0 Uncommon trap: reason=bimorphic_or_optimized_type_check action=maybe_recompile pc=0x000001bdad70b0bc method=java.util.stream.Sink$ChainedReference.cancellationRequested()Z @ 4 c2
Event: 115.469 Thread 0x000001bdb84f6ac0 DEOPT PACKING pc=0x000001bdad70b0bc sp=0x000000ab5adfdeb0
Event: 115.469 Thread 0x000001bdb84f6ac0 DEOPT UNPACKING pc=0x000001bdad09669d sp=0x000000ab5adfde40 mode 2
Event: 115.469 Thread 0x000001bdb84f6ac0 Uncommon trap: trap_request=0xffffffc6 fr.pc=0x000001bdad70b0bc relative=0x000000000000009c
Event: 115.469 Thread 0x000001bdb84f6ac0 Uncommon trap: reason=bimorphic_or_optimized_type_check action=maybe_recompile pc=0x000001bdad70b0bc method=java.util.stream.Sink$ChainedReference.cancellationRequested()Z @ 4 c2
Event: 115.469 Thread 0x000001bdb84f6ac0 DEOPT PACKING pc=0x000001bdad70b0bc sp=0x000000ab5adfdeb0
Event: 115.469 Thread 0x000001bdb84f6ac0 DEOPT UNPACKING pc=0x000001bdad09669d sp=0x000000ab5adfde40 mode 2
Event: 115.684 Thread 0x000001bdb84f6ac0 DEOPT PACKING pc=0x000001bda5f029c4 sp=0x000000ab5adfd690
Event: 115.684 Thread 0x000001bdb84f6ac0 DEOPT UNPACKING pc=0x000001bdad096e24 sp=0x000000ab5adfcc10 mode 0
Event: 116.277 Thread 0x000001bdb84f7930 Uncommon trap: trap_request=0xffffff45 fr.pc=0x000001bdad6ed0b0 relative=0x00000000000037f0
Event: 116.277 Thread 0x000001bdb84f7930 Uncommon trap: reason=unstable_if action=reinterpret pc=0x000001bdad6ed0b0 method=jdk.internal.org.objectweb.asm.Frame.push(I)V @ 26 c2
Event: 116.277 Thread 0x000001bdb84f7930 DEOPT PACKING pc=0x000001bdad6ed0b0 sp=0x000000ab5a6fd7b0
Event: 116.277 Thread 0x000001bdb84f7930 DEOPT UNPACKING pc=0x000001bdad09669d sp=0x000000ab5a6fd6d8 mode 2

Classes unloaded (7 events):
Event: 30.544 Thread 0x000001bdb6ba7280 Unloading class 0x0000000100212400 'java/lang/invoke/LambdaForm$MH+0x0000000100212400'
Event: 30.544 Thread 0x000001bdb6ba7280 Unloading class 0x0000000100212000 'java/lang/invoke/LambdaForm$MH+0x0000000100212000'
Event: 30.544 Thread 0x000001bdb6ba7280 Unloading class 0x0000000100211c00 'java/lang/invoke/LambdaForm$MH+0x0000000100211c00'
Event: 30.544 Thread 0x000001bdb6ba7280 Unloading class 0x0000000100211400 'java/lang/invoke/LambdaForm$MH+0x0000000100211400'
Event: 30.544 Thread 0x000001bdb6ba7280 Unloading class 0x0000000100211000 'java/lang/invoke/LambdaForm$BMH+0x0000000100211000'
Event: 30.544 Thread 0x000001bdb6ba7280 Unloading class 0x0000000100210c00 'java/lang/invoke/LambdaForm$DMH+0x0000000100210c00'
Event: 30.544 Thread 0x000001bdb6ba7280 Unloading class 0x000000010020e000 'java/lang/invoke/LambdaForm$DMH+0x000000010020e000'

Classes redefined (0 events):
No events

Internal exceptions (20 events):
Event: 114.420 Thread 0x000001bdb84f6ac0 Exception <a 'sun/nio/fs/WindowsException'{0x00000000eb603bf8}> (0x00000000eb603bf8) 
thrown [s\src\hotspot\share\prims\jni.cpp, line 516]
Event: 114.441 Thread 0x000001bdb84f6ac0 Exception <a 'sun/nio/fs/WindowsException'{0x00000000eb615f28}> (0x00000000eb615f28) 
thrown [s\src\hotspot\share\prims\jni.cpp, line 516]
Event: 114.578 Thread 0x000001bdb84f6ac0 Exception <a 'sun/nio/fs/WindowsException'{0x00000000eb61cc50}> (0x00000000eb61cc50) 
thrown [s\src\hotspot\share\prims\jni.cpp, line 516]
Event: 114.579 Thread 0x000001bdb84f6ac0 Exception <a 'sun/nio/fs/WindowsException'{0x00000000eb61cf38}> (0x00000000eb61cf38) 
thrown [s\src\hotspot\share\prims\jni.cpp, line 516]
Event: 114.608 Thread 0x000001bdb84f6ac0 Exception <a 'sun/nio/fs/WindowsException'{0x00000000eb62e040}> (0x00000000eb62e040) 
thrown [s\src\hotspot\share\prims\jni.cpp, line 516]
Event: 114.950 Thread 0x000001bdb84f6ac0 Exception <a 'java/lang/NullPointerException'{0x00000000eb66e750}> (0x00000000eb66e750) 
thrown [s\src\hotspot\share\interpreter\linkResolver.cpp, line 1350]
Event: 114.997 Thread 0x000001bdb84f6ac0 Exception <a 'sun/nio/fs/WindowsException'{0x00000000eb687f68}> (0x00000000eb687f68) 
thrown [s\src\hotspot\share\prims\jni.cpp, line 516]
Event: 115.294 Thread 0x000001bdb84f6ac0 Exception <a 'sun/nio/fs/WindowsException'{0x00000000eb6ab0a0}> (0x00000000eb6ab0a0) 
thrown [s\src\hotspot\share\prims\jni.cpp, line 516]
Event: 115.712 Thread 0x000001bdb84f6ac0 Exception <a 'sun/nio/fs/WindowsException'{0x00000000eb6dd188}> (0x00000000eb6dd188) 
thrown [s\src\hotspot\share\prims\jni.cpp, line 516]
Event: 115.824 Thread 0x000001bdb84f6ac0 Exception <a 'sun/nio/fs/WindowsException'{0x00000000eb6f4980}> (0x00000000eb6f4980) 
thrown [s\src\hotspot\share\prims\jni.cpp, line 516]
Event: 115.827 Thread 0x000001bdb84f6ac0 Exception <a 'sun/nio/fs/WindowsException'{0x00000000eb6fb5f8}> (0x00000000eb6fb5f8) 
thrown [s\src\hotspot\share\prims\jni.cpp, line 516]
Event: 115.827 Thread 0x000001bdb84f6ac0 Exception <a 'sun/nio/fs/WindowsException'{0x00000000eb6fb8c8}> (0x00000000eb6fb8c8) 
thrown [s\src\hotspot\share\prims\jni.cpp, line 516]
Event: 115.838 Thread 0x000001bdb84f6ac0 Exception <a 'sun/nio/fs/WindowsException'{0x00000000eb70da70}> (0x00000000eb70da70) 
thrown [s\src\hotspot\share\prims\jni.cpp, line 516]
Event: 115.841 Thread 0x000001bdb84f6ac0 Exception <a 'sun/nio/fs/WindowsException'{0x00000000eb7146e8}> (0x00000000eb7146e8) 
thrown [s\src\hotspot\share\prims\jni.cpp, line 516]
Event: 115.841 Thread 0x000001bdb84f6ac0 Exception <a 'sun/nio/fs/WindowsException'{0x00000000eb7149b8}> (0x00000000eb7149b8) 
thrown [s\src\hotspot\share\prims\jni.cpp, line 516]
Event: 115.854 Thread 0x000001bdb84f6ac0 Exception <a 'sun/nio/fs/WindowsException'{0x00000000eb725968}> (0x00000000eb725968) 
thrown [s\src\hotspot\share\prims\jni.cpp, line 516]
Event: 116.279 Thread 0x000001bdb84f7930 Exception <a 'java/lang/NoSuchMethodError'{0x00000000eb95f098}: 'java.lang.Object java.lang.invoke.DirectMethodHandle$Holder.newInvokeSpecial(java.lang.Object, java.lang.Object, java.lang.Object, java.lang.Object, java.lang.Object, java.lang.Object, java.lang.Object, java.lang.Object, java.lang.Object, java.lang.Object)'> (0x00000000eb95f098) 
thrown [s\src\hotspot\share\interpreter\linkResolver.cpp, line 759]
Event: 116.281 Thread 0x000001bdb84f7930 Exception <a 'java/lang/NoSuchMethodError'{0x00000000eb964248}: 'java.lang.Object java.lang.invoke.DirectMethodHandle$Holder.invokeSpecial(java.lang.Object, java.lang.Object, java.lang.Object, java.lang.Object, java.lang.Object, java.lang.Object, java.lang.Object, java.lang.Object, java.lang.Object, java.lang.Object, java.lang.Object)'> (0x00000000eb964248) 
thrown [s\src\hotspot\share\interpreter\linkResolver.cpp, line 759]
Event: 116.282 Thread 0x000001bdb84f7930 Exception <a 'java/lang/NoSuchMethodError'{0x00000000eb9689b8}: 'java.lang.Object java.lang.invoke.Invokers$Holder.linkToTargetMethod(java.lang.Object, java.lang.Object, java.lang.Object, java.lang.Object, java.lang.Object, java.lang.Object, java.lang.Object, java.lang.Object, java.lang.Object, java.lang.Object)'> (0x00000000eb9689b8) 
thrown [s\src\hotspot\share\interpreter\linkResolver.cpp, line 759]
Event: 116.508 Thread 0x000001bdb84f7930 Exception <a 'sun/nio/fs/WindowsException'{0x00000000eb9cecb8}> (0x00000000eb9cecb8) 
thrown [s\src\hotspot\share\prims\jni.cpp, line 516]

VM Operations (20 events):
Event: 105.074 Executing VM operation: Cleanup
Event: 105.111 Executing VM operation: Cleanup done
Event: 106.129 Executing VM operation: Cleanup
Event: 106.137 Executing VM operation: Cleanup done
Event: 106.978 Executing VM operation: ParallelGCFailedAllocation
Event: 106.981 Executing VM operation: ParallelGCFailedAllocation done
Event: 111.033 Executing VM operation: Cleanup
Event: 111.033 Executing VM operation: Cleanup done
Event: 111.595 Executing VM operation: HandshakeAllThreads
Event: 111.595 Executing VM operation: HandshakeAllThreads done
Event: 112.605 Executing VM operation: Cleanup
Event: 112.651 Executing VM operation: Cleanup done
Event: 113.509 Executing VM operation: HandshakeAllThreads
Event: 113.509 Executing VM operation: HandshakeAllThreads done
Event: 114.525 Executing VM operation: Cleanup
Event: 114.525 Executing VM operation: Cleanup done
Event: 115.527 Executing VM operation: Cleanup
Event: 115.698 Executing VM operation: Cleanup done
Event: 116.209 Executing VM operation: HandshakeAllThreads
Event: 116.209 Executing VM operation: HandshakeAllThreads done

Events (20 events):
Event: 116.215 loading class sun/util/cldr/CLDRTimeZoneNameProviderImpl done
Event: 116.218 loading class sun/util/locale/provider/BaseLocaleDataMetaInfo
Event: 116.218 loading class sun/util/locale/provider/BaseLocaleDataMetaInfo done
Event: 116.222 loading class sun/util/resources/cldr/TimeZoneNames
Event: 116.222 loading class sun/util/resources/TimeZoneNamesBundle
Event: 116.222 loading class sun/util/resources/OpenListResourceBundle
Event: 116.223 loading class sun/util/resources/OpenListResourceBundle done
Event: 116.223 loading class sun/util/resources/TimeZoneNamesBundle done
Event: 116.223 loading class sun/util/resources/cldr/TimeZoneNames done
Event: 116.223 loading class sun/util/resources/cldr/TimeZoneNames_en
Event: 116.225 loading class sun/util/resources/cldr/TimeZoneNames_en done
Event: 116.226 loading class sun/util/resources/cldr/TimeZoneNames_en_US
Event: 116.226 loading class sun/util/resources/cldr/TimeZoneNames_en_US done
Event: 116.243 loading class sun/util/resources/TimeZoneNames
Event: 116.246 loading class sun/util/resources/TimeZoneNames done
Event: 116.247 loading class sun/util/resources/TimeZoneNames_en
Event: 116.247 loading class sun/util/resources/TimeZoneNames_en done
Event: 116.306 Thread 0x000001bdb892c300 Thread added: 0x000001bdb892c300
Event: 116.488 Thread 0x000001bdb892c300 Thread exited: 0x000001bdb892c300
Event: 116.635 Thread 0x000001bdb8926c60 Thread added: 0x000001bdb8926c60


Dynamic libraries:
0x00007ff792180000 - 0x00007ff79218e000 	c:\Users\familiazurlo\.vscode\extensions\redhat.java-1.15.0-win32-x64\jre\17.0.6-win32-x86_64\bin\java.exe
0x00007ffce1af0000 - 0x00007ffce1ce8000 	C:\Windows\SYSTEM32\ntdll.dll
0x00007ffcdfc10000 - 0x00007ffcdfccf000 	C:\Windows\System32\KERNEL32.DLL
0x00007ffcdf800000 - 0x00007ffcdfad2000 	C:\Windows\System32\KERNELBASE.dll
0x00007ffcdf290000 - 0x00007ffcdf390000 	C:\Windows\System32\ucrtbase.dll
0x00007ffcd3bb0000 - 0x00007ffcd3bc7000 	c:\Users\familiazurlo\.vscode\extensions\redhat.java-1.15.0-win32-x64\jre\17.0.6-win32-x86_64\bin\jli.dll
0x00007ffcdfcd0000 - 0x00007ffcdfe71000 	C:\Windows\System32\USER32.dll
0x00007ffcdf560000 - 0x00007ffcdf582000 	C:\Windows\System32\win32u.dll
0x00007ffcdfbe0000 - 0x00007ffcdfc0b000 	C:\Windows\System32\GDI32.dll
0x00007ffcdf590000 - 0x00007ffcdf69f000 	C:\Windows\System32\gdi32full.dll
0x00007ffcdf490000 - 0x00007ffcdf52d000 	C:\Windows\System32\msvcp_win.dll
0x00007ffcd3b20000 - 0x00007ffcd3b39000 	c:\Users\familiazurlo\.vscode\extensions\redhat.java-1.15.0-win32-x64\jre\17.0.6-win32-x86_64\bin\VCRUNTIME140.dll
0x00007ffcc7e70000 - 0x00007ffcc810a000 	C:\Windows\WinSxS\amd64_microsoft.windows.common-controls_6595b64144ccf1df_6.0.19041.1110_none_60b5254171f9507e\COMCTL32.dll
0x00007ffcdff00000 - 0x00007ffcdff9e000 	C:\Windows\System32\msvcrt.dll
0x00007ffce0710000 - 0x00007ffce0742000 	C:\Windows\System32\IMM32.DLL
0x00007ffcd6470000 - 0x00007ffcd647c000 	c:\Users\familiazurlo\.vscode\extensions\redhat.java-1.15.0-win32-x64\jre\17.0.6-win32-x86_64\bin\vcruntime140_1.dll
0x00007ffc998c0000 - 0x00007ffc99951000 	c:\Users\familiazurlo\.vscode\extensions\redhat.java-1.15.0-win32-x64\jre\17.0.6-win32-x86_64\bin\msvcp140.dll
0x00007ffc8a910000 - 0x00007ffc8b557000 	c:\Users\familiazurlo\.vscode\extensions\redhat.java-1.15.0-win32-x64\jre\17.0.6-win32-x86_64\bin\server\jvm.dll
0x00007ffce09f0000 - 0x00007ffce0a9e000 	C:\Windows\System32\ADVAPI32.dll
0x00007ffce1840000 - 0x00007ffce18dc000 	C:\Windows\System32\sechost.dll
0x00007ffce0fc0000 - 0x00007ffce10e5000 	C:\Windows\System32\RPCRT4.dll
0x00007ffcd6350000 - 0x00007ffcd6359000 	C:\Windows\SYSTEM32\WSOCK32.dll
0x00007ffcdffd0000 - 0x00007ffce003b000 	C:\Windows\System32\WS2_32.dll
0x00007ffcc9040000 - 0x00007ffcc9067000 	C:\Windows\SYSTEM32\WINMM.dll
0x00007ffcd5ed0000 - 0x00007ffcd5eda000 	C:\Windows\SYSTEM32\VERSION.dll
0x00007ffcdd0c0000 - 0x00007ffcdd0d2000 	C:\Windows\SYSTEM32\kernel.appcore.dll
0x00007ffcd3a90000 - 0x00007ffcd3a9a000 	c:\Users\familiazurlo\.vscode\extensions\redhat.java-1.15.0-win32-x64\jre\17.0.6-win32-x86_64\bin\jimage.dll
0x00007ffccf9a0000 - 0x00007ffccfb84000 	C:\Windows\SYSTEM32\DBGHELP.DLL
0x00007ffccf900000 - 0x00007ffccf935000 	C:\Windows\SYSTEM32\dbgcore.DLL
0x00007ffcdf400000 - 0x00007ffcdf482000 	C:\Windows\System32\bcryptPrimitives.dll
0x00007ffcd3a00000 - 0x00007ffcd3a0e000 	c:\Users\familiazurlo\.vscode\extensions\redhat.java-1.15.0-win32-x64\jre\17.0.6-win32-x86_64\bin\instrument.dll
0x00007ffccea10000 - 0x00007ffccea35000 	c:\Users\familiazurlo\.vscode\extensions\redhat.java-1.15.0-win32-x64\jre\17.0.6-win32-x86_64\bin\java.dll
0x00007ffcce320000 - 0x00007ffcce338000 	c:\Users\familiazurlo\.vscode\extensions\redhat.java-1.15.0-win32-x64\jre\17.0.6-win32-x86_64\bin\zip.dll
0x00007ffce10f0000 - 0x00007ffce1835000 	C:\Windows\System32\SHELL32.dll
0x00007ffcdd2c0000 - 0x00007ffcdda52000 	C:\Windows\SYSTEM32\windows.storage.dll
0x00007ffce0b90000 - 0x00007ffce0ee5000 	C:\Windows\System32\combase.dll
0x00007ffcdeb60000 - 0x00007ffcdeb90000 	C:\Windows\SYSTEM32\Wldp.dll
0x00007ffce0750000 - 0x00007ffce07fd000 	C:\Windows\System32\SHCORE.dll
0x00007ffce0b30000 - 0x00007ffce0b85000 	C:\Windows\System32\shlwapi.dll
0x00007ffcdf120000 - 0x00007ffcdf13f000 	C:\Windows\SYSTEM32\profapi.dll
0x00007ffccd910000 - 0x00007ffccd929000 	C:\Users\familiazurlo\.vscode\extensions\redhat.java-1.15.0-win32-x64\jre\17.0.6-win32-x86_64\bin\net.dll
0x00007ffcd7040000 - 0x00007ffcd714c000 	C:\Windows\SYSTEM32\WINHTTP.dll
0x00007ffcde8c0000 - 0x00007ffcde92a000 	C:\Windows\system32\mswsock.dll
0x00007ffccd050000 - 0x00007ffccd065000 	C:\Users\familiazurlo\.vscode\extensions\redhat.java-1.15.0-win32-x64\jre\17.0.6-win32-x86_64\bin\nio.dll
0x00007ffcd39f0000 - 0x00007ffcd3a00000 	c:\Users\familiazurlo\.vscode\extensions\redhat.java-1.15.0-win32-x64\jre\17.0.6-win32-x86_64\bin\verify.dll
0x00007ffcc8890000 - 0x00007ffcc88ce000 	C:\Users\familiazurlo\AppData\Roaming\Code\User\globalStorage\redhat.java\1.15.0\config_ss_win\org.eclipse.equinox.launcher\org.eclipse.equinox.launcher.win32.win32.x86_64_1.2.700.v20221108-1024\eclipse_11801.dll
0x00007ffce0800000 - 0x00007ffce092a000 	C:\Windows\System32\ole32.dll
0x00007ffcdeab0000 - 0x00007ffcdeac8000 	C:\Windows\SYSTEM32\CRYPTSP.dll
0x00007ffcde1e0000 - 0x00007ffcde214000 	C:\Windows\system32\rsaenh.dll
0x00007ffcdf530000 - 0x00007ffcdf557000 	C:\Windows\System32\bcrypt.dll
0x00007ffcdf0e0000 - 0x00007ffcdf10e000 	C:\Windows\SYSTEM32\USERENV.dll
0x00007ffcdead0000 - 0x00007ffcdeadc000 	C:\Windows\SYSTEM32\CRYPTBASE.dll
0x00007ffcde5b0000 - 0x00007ffcde5eb000 	C:\Windows\SYSTEM32\IPHLPAPI.DLL
0x00007ffce18f0000 - 0x00007ffce18f8000 	C:\Windows\System32\NSI.dll
0x00007ffcd7b60000 - 0x00007ffcd7b77000 	C:\Windows\SYSTEM32\dhcpcsvc6.DLL
0x00007ffcd84d0000 - 0x00007ffcd84ed000 	C:\Windows\SYSTEM32\dhcpcsvc.DLL
0x00007ffcde5f0000 - 0x00007ffcde6bb000 	C:\Windows\SYSTEM32\DNSAPI.dll
0x00007ffccb020000 - 0x00007ffccb065000 	C:\Users\familiazurlo\AppData\Local\Temp\jna--2136490771\jna2885997531942408004.dll
0x00007ffcdffc0000 - 0x00007ffcdffc8000 	C:\Windows\System32\PSAPI.DLL

dbghelp: loaded successfully - version: 4.0.5 - missing functions: none
symbol engine: initialized successfully - sym options: 0x614 - pdb path: .;c:\Users\familiazurlo\.vscode\extensions\redhat.java-1.15.0-win32-x64\jre\17.0.6-win32-x86_64\bin;C:\Windows\SYSTEM32;C:\Windows\WinSxS\amd64_microsoft.windows.common-controls_6595b64144ccf1df_6.0.19041.1110_none_60b5254171f9507e;c:\Users\familiazurlo\.vscode\extensions\redhat.java-1.15.0-win32-x64\jre\17.0.6-win32-x86_64\bin\server;C:\Users\familiazurlo\AppData\Roaming\Code\User\globalStorage\redhat.java\1.15.0\config_ss_win\org.eclipse.equinox.launcher\org.eclipse.equinox.launcher.win32.win32.x86_64_1.2.700.v20221108-1024;C:\Users\familiazurlo\AppData\Local\Temp\jna--2136490771

VM Arguments:
jvm_args: --add-modules=ALL-SYSTEM --add-opens=java.base/java.util=ALL-UNNAMED --add-opens=java.base/java.lang=ALL-UNNAMED --add-opens=java.base/sun.nio.fs=ALL-UNNAMED -Declipse.application=org.eclipse.jdt.ls.core.id1 -Dosgi.bundles.defaultStartLevel=4 -Declipse.product=org.eclipse.jdt.ls.core.product -Djava.import.generatesMetadataFilesAtProjectRoot=false -Dfile.encoding=utf8 -XX:+UseParallelGC -XX:GCTimeRatio=4 -XX:AdaptiveSizePolicyWeight=90 -Dsun.zip.disableMemoryMapping=true -Xmx1G -Xms100m -Xlog:disable -javaagent:c:\Users\familiazurlo\.vscode\extensions\redhat.java-1.15.0-win32-x64\lombok\lombok-1.18.24.jar 
java_command: c:\Users\familiazurlo\.vscode\extensions\redhat.java-1.15.0-win32-x64\server\plugins\org.eclipse.equinox.launcher_1.6.400.v20210924-0641.jar -configuration c:\Users\familiazurlo\AppData\Roaming\Code\User\globalStorage\redhat.java\1.15.0\config_ss_win -data c:\Users\familiazurlo\AppData\Roaming\Code\User\workspaceStorage\56fc166c687f0e62a526f2e02f90faf3\redhat.java\ss_ws
java_class_path (initial): c:\Users\familiazurlo\.vscode\extensions\redhat.java-1.15.0-win32-x64\server\plugins\org.eclipse.equinox.launcher_1.6.400.v20210924-0641.jar
Launcher Type: SUN_STANDARD

[Global flags]
    uintx AdaptiveSizePolicyWeight                 = 90                                        {product} {command line}
     intx CICompilerCount                          = 2                                         {product} {ergonomic}
    uintx GCTimeRatio                              = 4                                         {product} {command line}
   size_t InitialHeapSize                          = 104857600                                 {product} {command line}
   size_t MaxHeapSize                              = 1073741824                                {product} {command line}
   size_t MaxNewSize                               = 357564416                                 {product} {ergonomic}
   size_t MinHeapDeltaBytes                        = 524288                                    {product} {ergonomic}
   size_t MinHeapSize                              = 104857600                                 {product} {command line}
   size_t NewSize                                  = 34603008                                  {product} {ergonomic}
    uintx NonNMethodCodeHeapSize                   = 5826188                                {pd product} {ergonomic}
    uintx NonProfiledCodeHeapSize                  = 122916026                              {pd product} {ergonomic}
   size_t OldSize                                  = 70254592                                  {product} {ergonomic}
    uintx ProfiledCodeHeapSize                     = 122916026                              {pd product} {ergonomic}
    uintx ReservedCodeCacheSize                    = 251658240                              {pd product} {ergonomic}
     bool SegmentedCodeCache                       = true                                      {product} {ergonomic}
   size_t SoftMaxHeapSize                          = 1073741824                             {manageable} {ergonomic}
     bool UseCompressedClassPointers               = true                           {product lp64_product} {ergonomic}
     bool UseCompressedOops                        = true                           {product lp64_product} {ergonomic}
     bool UseLargePagesIndividualAllocation        = false                                  {pd product} {ergonomic}
     bool UseParallelGC                            = true                                      {product} {command line}

Logging:
Log output configuration:
 #0: stdout all=off uptime,level,tags
 #1: stderr all=off uptime,level,tags

Environment Variables:
JAVA_HOME=C:\Program Files\Java\zulu17.40.19-ca-jdk17.0.6-win_x64
PATH=C:\Program Files\Java\zulu17.40.19-ca-jdk17.0.6-win_x64\bin;C:\Program Files\Common Files\Oracle\Java\javapath;C:\Python311\Scripts\;C:\Python311\;C:\Windows\system32;C:\Windows;C:\Windows\System32\Wbem;C:\Windows\System32\WindowsPowerShell\v1.0\;C:\Windows\System32\OpenSSH\;C:\ProgramData\chocolatey\bin;C:\Program Files\nodejs\;C:\Program Files\Git\cmd;C:\Users\familiazurlo\AppData\Local\Microsoft\WindowsApps;C:\Users\familiazurlo\AppData\Local\Programs\Microsoft VS Code\bin;C:\Users\familiazurlo\AppData\Roaming\npm\node_modules\@angular\cli\bin;C:\Users\familiazurlo\AppData\Roaming\npm;C:\Users\familiazurlo\AppData\Local\GitHubDesktop\bin;C:\Users\familiazurlo\AppData\Local\JetBrains\IntelliJ IDEA Community Edition 2022.3.2\bin;
USERNAME=familiazurlo
OS=Windows_NT
PROCESSOR_IDENTIFIER=Intel64 Family 6 Model 15 Stepping 13, GenuineIntel
TMP=C:\Users\FAMILI~1\AppData\Local\Temp
TEMP=C:\Users\FAMILI~1\AppData\Local\Temp



---------------  S Y S T E M  ---------------

OS:
 Windows 10 , 64 bit Build 19041 (10.0.19041.2546)
OS uptime: 0 days 3:24 hours

CPU: total 2 (initial active 2) (2 cores per cpu, 1 threads per core) family 6 model 15 stepping 13 microcode 0xa4, cx8, cmov, fxsr, mmx, sse, sse2, sse3, ssse3, tsc, clflush

Memory: 4k page, system-wide physical 3197M (348M free)
TotalPageFile size 4911M (AvailPageFile size 1152M)
current process WorkingSet (physical memory assigned to process): 151M, peak: 177M
current process commit charge ("private bytes"): 221M, peak: 246M

vm_info: OpenJDK 64-Bit Server VM (17.0.6+10) for windows-amd64 JRE (17.0.6+10), built on Jan 18 2023 10:08:59 by "temurin" with MS VC++ 16.7 (VS2019)

END.
